# JRE version: Java(TM) SE Runtime Environment (8.0_40-b25) (build 1.8.0_40-b25)
# Java VM: Java HotSpot(TM) 64-Bit Server VM (25.40-b25 mixed mode linux-amd64 compressed oops)
Heap:
 PSYoungGen      total 56320K, used 30330K [0x0000000781d00000, 0x0000000785b80000, 0x00000007c0000000)
  eden space 48640K, 50% used [0x0000000781d00000,0x0000000783514000,0x0000000784c80000)
  from space 7680K, 73% used [0x0000000784c80000,0x000000078520a830,0x0000000785400000)
  to   space 7680K, 0% used [0x0000000785400000,0x0000000785400000,0x0000000785b80000)
 ParOldGen       total 128512K, used 40K [0x0000000705600000, 0x000000070d380000, 0x0000000781d00000)
  object space 128512K, 0% used [0x0000000705600000,0x000000070560a000,0x000000070d380000)
 Metaspace       used 19894K, capacity 20136K, committed 20352K, reserved 1067008K
  class space    used 2223K, capacity 2316K, committed 2432K, reserved 1048576K
GC Heap History (6 events):
Event: 204,652 GC heap before
{Heap before GC invocations=1 (full 0):
 PSYoungGen      total 56320K, used 48640K [0x0000000781d00000, 0x0000000785b80000, 0x00000007c0000000)
  eden space 48640K, 100% used [0x0000000781d00000,0x0000000784c80000,0x0000000784c80000)
  from space 7680K, 0% used [0x0000000785400000,0x0000000785400000,0x0000000785b80000)
  to   space 7680K, 0% used [0x0000000784c80000,0x0000000784c80000,0x0000000785400000)
 ParOldGen       total 128512K, used 0K [0x0000000705600000, 0x000000070d380000, 0x0000000781d00000)
  object space 128512K, 0% used [0x0000000705600000,0x0000000705600000,0x000000070d380000)
 Metaspace       used 18257K, capacity 18518K, committed 18688K, reserved 1064960K
  class space    used 2167K, capacity 2249K, committed 2304K, reserved 1048576K
Event: 204,658 GC heap after
Heap after GC invocations=1 (full 0):
 PSYoungGen      total 56320K, used 4224K [0x0000000781d00000, 0x0000000785b80000, 0x00000007c0000000)
  eden space 48640K, 0% used [0x0000000781d00000,0x0000000781d00000,0x0000000784c80000)
  from space 7680K, 55% used [0x0000000784c80000,0x00000007850a0000,0x0000000785400000)
  to   space 7680K, 0% used [0x0000000785400000,0x0000000785400000,0x0000000785b80000)
 ParOldGen       total 128512K, used 16K [0x0000000705600000, 0x000000070d380000, 0x0000000781d00000)
  object space 128512K, 0% used [0x0000000705600000,0x0000000705604000,0x000000070d380000)
 Metaspace       used 18257K, capacity 18518K, committed 18688K, reserved 1064960K
  class space    used 2167K, capacity 2249K, committed 2304K, reserved 1048576K
}
Event: 729,845 GC heap before
{Heap before GC invocations=2 (full 0):
 PSYoungGen      total 56320K, used 52864K [0x0000000781d00000, 0x0000000785b80000, 0x00000007c0000000)
  eden space 48640K, 100% used [0x0000000781d00000,0x0000000784c80000,0x0000000784c80000)
  from space 7680K, 55% used [0x0000000784c80000,0x00000007850a0000,0x0000000785400000)
  to   space 7680K, 0% used [0x0000000785400000,0x0000000785400000,0x0000000785b80000)
 ParOldGen       total 128512K, used 16K [0x0000000705600000, 0x000000070d380000, 0x0000000781d00000)
  object space 128512K, 0% used [0x0000000705600000,0x0000000705604000,0x000000070d380000)
 Metaspace       used 19477K, capacity 19746K, committed 20096K, reserved 1067008K
  class space    used 2220K, capacity 2315K, committed 2432K, reserved 1048576K
Event: 729,852 GC heap after
Heap after GC invocations=2 (full 0):
 PSYoungGen      total 56320K, used 5432K [0x0000000781d00000, 0x0000000785b80000, 0x00000007c0000000)
  eden space 48640K, 0% used [0x0000000781d00000,0x0000000781d00000,0x0000000784c80000)
  from space 7680K, 70% used [0x0000000785400000,0x000000078594e010,0x0000000785b80000)
  to   space 7680K, 0% used [0x0000000784c80000,0x0000000784c80000,0x0000000785400000)
 ParOldGen       total 128512K, used 32K [0x0000000705600000, 0x000000070d380000, 0x0000000781d00000)
  object space 128512K, 0% used [0x0000000705600000,0x0000000705608000,0x000000070d380000)
 Metaspace       used 19477K, capacity 19746K, committed 20096K, reserved 1067008K
  class space    used 2220K, capacity 2315K, committed 2432K, reserved 1048576K
}
Event: 1014,549 GC heap before
{Heap before GC invocations=3 (full 0):
 PSYoungGen      total 56320K, used 54072K [0x0000000781d00000, 0x0000000785b80000, 0x00000007c0000000)
  eden space 48640K, 100% used [0x0000000781d00000,0x0000000784c80000,0x0000000784c80000)
  from space 7680K, 70% used [0x0000000785400000,0x000000078594e010,0x0000000785b80000)
  to   space 7680K, 0% used [0x0000000784c80000,0x0000000784c80000,0x0000000785400000)
 ParOldGen       total 128512K, used 32K [0x0000000705600000, 0x000000070d380000, 0x0000000781d00000)
  object space 128512K, 0% used [0x0000000705600000,0x0000000705608000,0x000000070d380000)
 Metaspace       used 19721K, capacity 19944K, committed 20352K, reserved 1067008K
  class space    used 2221K, capacity 2316K, committed 2432K, reserved 1048576K
Event: 1014,556 GC heap after
Heap after GC invocations=3 (full 0):
 PSYoungGen      total 56320K, used 5674K [0x0000000781d00000, 0x0000000785b80000, 0x00000007c0000000)
  eden space 48640K, 0% used [0x0000000781d00000,0x0000000781d00000,0x0000000784c80000)
  from space 7680K, 73% used [0x0000000784c80000,0x000000078520a830,0x0000000785400000)
  to   space 7680K, 0% used [0x0000000785400000,0x0000000785400000,0x0000000785b80000)
 ParOldGen       total 128512K, used 40K [0x0000000705600000, 0x000000070d380000, 0x0000000781d00000)
  object space 128512K, 0% used [0x0000000705600000,0x000000070560a000,0x000000070d380000)
 Metaspace       used 19721K, capacity 19944K, committed 20352K, reserved 1067008K
  class space    used 2221K, capacity 2316K, committed 2432K, reserved 1048576K
}

